 [ ZZ ] extent_server put : 1 
 [ ZZ ] extent_server get : 1
 [ ZZ ] extent_server get : 1
 [ ZZ ] extent_server get : 1
 [ ZZ ] extent_server get : 1
 [ ZZ ] extent_server get : 1
 [ ZZ ] extent_server get : 1
 [ ZZ ] extent_server get : 1
 [ ZZ ] extent_server get : 1
 [ ZZ ] extent_server get : 1
 [ ZZ ] extent_server get : 1
 [ ZZ ] extent_server get : 1
 [ ZZ ] extent_server get : 1
 [ ZZ ] extent_server get : 1
 [ ZZ ] extent_server get : 1
 [ ZZ ] extent_server get : 1
 [ ZZ ] extent_server get : 1
 [ ZZ ] extent_server get : 1
 [ ZZ ] extent_server get : 1
 [ ZZ ] extent_server get : 1
 [ ZZ ] extent_server get : 1
 [ ZZ ] extent_server get : 1
 [ ZZ ] extent_server get : 1
 [ ZZ ] extent_server get : 1
 [ ZZ ] extent_server get : 1
 [ ZZ ] extent_server get : 1
 [ ZZ ] extent_server get : 1
 [ ZZ ] extent_server get : 1
 [ ZZ ] extent_server get : 1
 [ ZZ ] extent_server get : 1
 [ ZZ ] extent_server get : 1
 [ ZZ ] extent_server get : 1
 [ ZZ ] extent_server get : 1
 [ ZZ ] extent_server get : 1
 [ ZZ ] extent_server get : 1
 [ ZZ ] extent_server get : 1
 [ ZZ ] extent_server get : 1
 [ ZZ ] extent_server get : 1
 [ ZZ ] extent_server get : 1
 [ ZZ ] extent_server get : 1
 [ ZZ ] extent_server get : 1
 [ ZZ ] extent_server get : 1
 [ ZZ ] extent_server get : 1
 [ ZZ ] extent_server get : 1
 [ ZZ ] extent_server get : 1
 [ ZZ ] extent_server get : 1
 [ ZZ ] extent_server get : 1
 [ ZZ ] extent_server get : 1
 [ ZZ ] extent_server get : 1
 [ ZZ ] extent_server get : 1
 [ ZZ ] extent_server get : 1
 [ ZZ ] extent_server get : 1
 [ ZZ ] extent_server get : 1
 [ ZZ ] extent_server put : 54150425 
 [ ZZ ] extent_server put : 1 1410663461/d9594/
 [ ZZ ] extent_server getattr : 54150425 
 [ ZZ ] extent_server get : 1
 [ ZZ ] extent_server getattr : 54150425 
 [ ZZ ] extent_server get : 54150425
 [ ZZ ] extent_server get : 54150425
 [ ZZ ] extent_server put : fcf15e13 
 [ ZZ ] extent_server put : 54150425 4243676691/x-0/
 [ ZZ ] extent_server getattr : fcf15e13 
 [ ZZ ] extent_server getattr : fcf15e13 
 [ ZZ ] extent_server get : fcf15e13
 [ ZZ ] extent_server put : fcf15e13 0.0956037697187675
 [ ZZ ] extent_server get : 1
 [ ZZ ] extent_server getattr : 54150425 
 [ ZZ ] extent_server get : 54150425
 [ ZZ ] extent_server getattr : fcf15e13 
 [ ZZ ] extent_server get : 54150425
 [ ZZ ] extent_server remove : fcf15e13 
 [ ZZ ] extent_server put : 54150425 
 [ ZZ ] extent_server get : 1
 [ ZZ ] extent_server getattr : 54150425 
 [ ZZ ] extent_server get : 54150425
 [ ZZ ] extent_server get : 54150425
 [ ZZ ] extent_server put : ce2167d4 
 [ ZZ ] extent_server put : 54150425 3458295764/x-1/
 [ ZZ ] extent_server getattr : ce2167d4 
 [ ZZ ] extent_server getattr : ce2167d4 
 [ ZZ ] extent_server get : ce2167d4
 [ ZZ ] extent_server put : ce2167d4 0.649092357876849
 [ ZZ ] extent_server get : 1
 [ ZZ ] extent_server getattr : 54150425 
 [ ZZ ] extent_server get : 54150425
 [ ZZ ] extent_server getattr : ce2167d4 
 [ ZZ ] extent_server getattr : ce2167d4 
