FUSE library version: 2.8.4
unique: 1, opcode: INIT (26), nodeid: 0, insize: 56
INIT: 7.14
flags=0x0000007b
max_readahead=0x00020000
   INIT: 7.12
   flags=0x00000000
   max_readahead=0x00020000
   max_write=0x00020000
   unique: 1, success, outsize: 40
unique: 2, opcode: LOOKUP (1), nodeid: 1, insize: 45
   unique: 2, error: -2 (No such file or directory), outsize: 16
unique: 3, opcode: OPENDIR (27), nodeid: 1, insize: 48
   unique: 3, success, outsize: 32
unique: 4, opcode: LOOKUP (1), nodeid: 1, insize: 57
   unique: 4, error: -2 (No such file or directory), outsize: 16
unique: 5, opcode: LOOKUP (1), nodeid: 1, insize: 52
   unique: 5, error: -2 (No such file or directory), outsize: 16
unique: 6, opcode: READDIR (28), nodeid: 1, insize: 80
fuseserver_readdir
   unique: 6, success, outsize: 16
unique: 7, opcode: RELEASEDIR (29), nodeid: 1, insize: 64
   unique: 7, success, outsize: 16
unique: 8, opcode: OPENDIR (27), nodeid: 1, insize: 48
   unique: 8, success, outsize: 32
unique: 9, opcode: READDIR (28), nodeid: 1, insize: 80
fuseserver_readdir
   unique: 9, success, outsize: 16
unique: 10, opcode: RELEASEDIR (29), nodeid: 1, insize: 64
   unique: 10, success, outsize: 16
unique: 11, opcode: OPENDIR (27), nodeid: 1, insize: 48
   unique: 11, success, outsize: 32
unique: 12, opcode: READDIR (28), nodeid: 1, insize: 80
fuseserver_readdir
   unique: 12, success, outsize: 16
unique: 13, opcode: RELEASEDIR (29), nodeid: 1, insize: 64
   unique: 13, success, outsize: 16
unique: 14, opcode: OPENDIR (27), nodeid: 1, insize: 48
   unique: 14, success, outsize: 32
unique: 15, opcode: READDIR (28), nodeid: 1, insize: 80
fuseserver_readdir
   unique: 15, success, outsize: 16
unique: 16, opcode: RELEASEDIR (29), nodeid: 1, insize: 64
   unique: 16, success, outsize: 16
unique: 17, opcode: OPENDIR (27), nodeid: 1, insize: 48
   unique: 17, success, outsize: 32
unique: 18, opcode: READDIR (28), nodeid: 1, insize: 80
fuseserver_readdir
   unique: 18, success, outsize: 16
unique: 19, opcode: RELEASEDIR (29), nodeid: 1, insize: 64
   unique: 19, success, outsize: 16
unique: 20, opcode: OPENDIR (27), nodeid: 1, insize: 48
   unique: 20, success, outsize: 32
unique: 21, opcode: READDIR (28), nodeid: 1, insize: 80
fuseserver_readdir
   unique: 21, success, outsize: 16
unique: 22, opcode: RELEASEDIR (29), nodeid: 1, insize: 64
   unique: 22, success, outsize: 16
unique: 23, opcode: OPENDIR (27), nodeid: 1, insize: 48
   unique: 23, success, outsize: 32
unique: 24, opcode: READDIR (28), nodeid: 1, insize: 80
fuseserver_readdir
   unique: 24, success, outsize: 16
unique: 25, opcode: RELEASEDIR (29), nodeid: 1, insize: 64
   unique: 25, success, outsize: 16
unique: 26, opcode: OPENDIR (27), nodeid: 1, insize: 48
   unique: 26, success, outsize: 32
unique: 27, opcode: READDIR (28), nodeid: 1, insize: 80
fuseserver_readdir
   unique: 27, success, outsize: 16
unique: 28, opcode: RELEASEDIR (29), nodeid: 1, insize: 64
   unique: 28, success, outsize: 16
unique: 29, opcode: OPENDIR (27), nodeid: 1, insize: 48
   unique: 29, success, outsize: 32
unique: 30, opcode: READDIR (28), nodeid: 1, insize: 80
fuseserver_readdir
   unique: 30, success, outsize: 16
unique: 31, opcode: RELEASEDIR (29), nodeid: 1, insize: 64
   unique: 31, success, outsize: 16
unique: 32, opcode: OPENDIR (27), nodeid: 1, insize: 48
   unique: 32, success, outsize: 32
unique: 33, opcode: READDIR (28), nodeid: 1, insize: 80
fuseserver_readdir
   unique: 33, success, outsize: 16
unique: 34, opcode: RELEASEDIR (29), nodeid: 1, insize: 64
   unique: 34, success, outsize: 16
unique: 35, opcode: OPENDIR (27), nodeid: 1, insize: 48
   unique: 35, success, outsize: 32
unique: 36, opcode: READDIR (28), nodeid: 1, insize: 80
fuseserver_readdir
   unique: 36, success, outsize: 16
unique: 37, opcode: RELEASEDIR (29), nodeid: 1, insize: 64
   unique: 37, success, outsize: 16
unique: 38, opcode: OPENDIR (27), nodeid: 1, insize: 48
   unique: 38, success, outsize: 32
unique: 39, opcode: READDIR (28), nodeid: 1, insize: 80
fuseserver_readdir
   unique: 39, success, outsize: 16
unique: 40, opcode: RELEASEDIR (29), nodeid: 1, insize: 64
   unique: 40, success, outsize: 16
unique: 41, opcode: OPENDIR (27), nodeid: 1, insize: 48
   unique: 41, success, outsize: 32
unique: 42, opcode: READDIR (28), nodeid: 1, insize: 80
fuseserver_readdir
   unique: 42, success, outsize: 16
unique: 43, opcode: RELEASEDIR (29), nodeid: 1, insize: 64
   unique: 43, success, outsize: 16
unique: 44, opcode: OPENDIR (27), nodeid: 1, insize: 48
   unique: 44, success, outsize: 32
unique: 45, opcode: READDIR (28), nodeid: 1, insize: 80
fuseserver_readdir
   unique: 45, success, outsize: 16
unique: 46, opcode: RELEASEDIR (29), nodeid: 1, insize: 64
   unique: 46, success, outsize: 16
unique: 47, opcode: OPENDIR (27), nodeid: 1, insize: 48
   unique: 47, success, outsize: 32
unique: 48, opcode: READDIR (28), nodeid: 1, insize: 80
fuseserver_readdir
   unique: 48, success, outsize: 16
unique: 49, opcode: RELEASEDIR (29), nodeid: 1, insize: 64
   unique: 49, success, outsize: 16
unique: 50, opcode: OPENDIR (27), nodeid: 1, insize: 48
   unique: 50, success, outsize: 32
unique: 51, opcode: READDIR (28), nodeid: 1, insize: 80
fuseserver_readdir
   unique: 51, success, outsize: 16
unique: 52, opcode: RELEASEDIR (29), nodeid: 1, insize: 64
   unique: 52, success, outsize: 16
unique: 53, opcode: OPENDIR (27), nodeid: 1, insize: 48
   unique: 53, success, outsize: 32
unique: 54, opcode: READDIR (28), nodeid: 1, insize: 80
fuseserver_readdir
   unique: 54, success, outsize: 16
unique: 55, opcode: RELEASEDIR (29), nodeid: 1, insize: 64
   unique: 55, success, outsize: 16
unique: 56, opcode: OPENDIR (27), nodeid: 1, insize: 48
   unique: 56, success, outsize: 32
unique: 57, opcode: READDIR (28), nodeid: 1, insize: 80
fuseserver_readdir
   unique: 57, success, outsize: 16
unique: 58, opcode: RELEASEDIR (29), nodeid: 1, insize: 64
   unique: 58, success, outsize: 16
unique: 59, opcode: OPENDIR (27), nodeid: 1, insize: 48
   unique: 59, success, outsize: 32
unique: 60, opcode: READDIR (28), nodeid: 1, insize: 80
fuseserver_readdir
   unique: 60, success, outsize: 16
unique: 61, opcode: RELEASEDIR (29), nodeid: 1, insize: 64
   unique: 61, success, outsize: 16
unique: 62, opcode: LOOKUP (1), nodeid: 1, insize: 52
   unique: 62, error: -2 (No such file or directory), outsize: 16
unique: 63, opcode: LOOKUP (1), nodeid: 1, insize: 47
   unique: 63, error: -2 (No such file or directory), outsize: 16
unique: 64, opcode: LOOKUP (1), nodeid: 1, insize: 52
   unique: 64, error: -2 (No such file or directory), outsize: 16
unique: 65, opcode: GETATTR (3), nodeid: 1, insize: 56
getattr 0000000000000001 0
getdir 0000000000000001
   getattr -> 0 0 0
   unique: 65, success, outsize: 120
unique: 66, opcode: LOOKUP (1), nodeid: 1, insize: 94
   unique: 66, error: -2 (No such file or directory), outsize: 16
unique: 67, opcode: CREATE (35), nodeid: 1, insize: 110
   unique: 67, error: -2 (No such file or directory), outsize: 16
unique: 68, opcode: LOOKUP (1), nodeid: 1, insize: 94
   unique: 68, error: -2 (No such file or directory), outsize: 16
unique: 69, opcode: CREATE (35), nodeid: 1, insize: 110
   unique: 69, error: -2 (No such file or directory), outsize: 16
unique: 70, opcode: GETATTR (3), nodeid: 1, insize: 56
getattr 0000000000000001 0
getdir 0000000000000001
   getattr -> 0 0 0
   unique: 70, success, outsize: 120
unique: 71, opcode: GETATTR (3), nodeid: 1, insize: 56
getattr 0000000000000001 0
getdir 0000000000000001
   getattr -> 0 0 0
   unique: 71, success, outsize: 120
unique: 72, opcode: LOOKUP (1), nodeid: 1, insize: 94
   unique: 72, error: -2 (No such file or directory), outsize: 16
unique: 73, opcode: CREATE (35), nodeid: 1, insize: 110
   unique: 73, error: -2 (No such file or directory), outsize: 16
